Analysis & Synthesis report for completeNES
Mon Jan 29 16:18:02 2024
Quartus Prime Version 21.1.1 Build 850 06/23/2022 SJ Standard Edition


---------------------
; Table of Contents ;
---------------------
  1. Legal Notice
  2. Analysis & Synthesis Summary
  3. Analysis & Synthesis Settings
  4. Parallel Compilation
  5. Analysis & Synthesis Messages



----------------
; Legal Notice ;
----------------
Copyright (C) 2022  Intel Corporation. All rights reserved.
Your use of Intel Corporation's design tools, logic functions 
and other software and tools, and any partner logic 
functions, and any output files from any of the foregoing 
(including device programming or simulation files), and any 
associated documentation or information are expressly subject 
to the terms and conditions of the Intel Program License 
Subscription Agreement, the Intel Quartus Prime License Agreement,
the Intel FPGA IP License Agreement, or other applicable license
agreement, including, without limitation, that your use is for
the sole purpose of programming logic devices manufactured by
Intel and sold by Intel or its authorized distributors.  Please
refer to the applicable agreement for further details, at
https://fpgasoftware.intel.com/eula.



+-------------------------------------------------------------------------------+
; Analysis & Synthesis Summary                                                  ;
+-----------------------------+-------------------------------------------------+
; Analysis & Synthesis Status ; Failed - Mon Jan 29 16:18:02 2024               ;
; Quartus Prime Version       ; 21.1.1 Build 850 06/23/2022 SJ Standard Edition ;
; Revision Name               ; completeNES                                     ;
; Top-level Entity Name       ; completeNES                                     ;
; Family                      ; Cyclone V                                       ;
; Logic utilization (in ALMs) ; N/A until Partition Merge                       ;
; Total registers             ; N/A until Partition Merge                       ;
; Total pins                  ; N/A until Partition Merge                       ;
; Total virtual pins          ; N/A until Partition Merge                       ;
; Total block memory bits     ; N/A until Partition Merge                       ;
; Total PLLs                  ; N/A until Partition Merge                       ;
; Total DLLs                  ; N/A until Partition Merge                       ;
+-----------------------------+-------------------------------------------------+


+---------------------------------------------------------------------------------------------------------------------------+
; Analysis & Synthesis Settings                                                                                             ;
+---------------------------------------------------------------------------------+--------------------+--------------------+
; Option                                                                          ; Setting            ; Default Value      ;
+---------------------------------------------------------------------------------+--------------------+--------------------+
; Device                                                                          ; 5cgxfc5c6f27c7     ;                    ;
; Top-level entity name                                                           ; completeNES        ; completeNES        ;
; Family name                                                                     ; cyclone v          ; Cyclone V          ;
; Optimization Technique                                                          ; Area               ; Balanced           ;
; Use smart compilation                                                           ; Off                ; Off                ;
; Enable parallel Assembler and Timing Analyzer during compilation                ; On                 ; On                 ;
; Enable compact report table                                                     ; Off                ; Off                ;
; Restructure Multiplexers                                                        ; Auto               ; Auto               ;
; MLAB Add Timing Constraints For Mixed-Port Feed-Through Mode Setting Don't Care ; Off                ; Off                ;
; Create Debugging Nodes for IP Cores                                             ; Off                ; Off                ;
; Preserve fewer node names                                                       ; On                 ; On                 ;
; Intel FPGA IP Evaluation Mode                                                   ; Enable             ; Enable             ;
; Verilog Version                                                                 ; Verilog_2001       ; Verilog_2001       ;
; VHDL Version                                                                    ; VHDL_1993          ; VHDL_1993          ;
; State Machine Processing                                                        ; Auto               ; Auto               ;
; Safe State Machine                                                              ; Off                ; Off                ;
; Extract Verilog State Machines                                                  ; On                 ; On                 ;
; Extract VHDL State Machines                                                     ; On                 ; On                 ;
; Ignore Verilog initial constructs                                               ; Off                ; Off                ;
; Iteration limit for constant Verilog loops                                      ; 5000               ; 5000               ;
; Iteration limit for non-constant Verilog loops                                  ; 250                ; 250                ;
; Add Pass-Through Logic to Inferred RAMs                                         ; On                 ; On                 ;
; Infer RAMs from Raw Logic                                                       ; On                 ; On                 ;
; Parallel Synthesis                                                              ; On                 ; On                 ;
; DSP Block Balancing                                                             ; Auto               ; Auto               ;
; NOT Gate Push-Back                                                              ; On                 ; On                 ;
; Power-Up Don't Care                                                             ; On                 ; On                 ;
; Remove Redundant Logic Cells                                                    ; Off                ; Off                ;
; Remove Duplicate Registers                                                      ; On                 ; On                 ;
; Ignore CARRY Buffers                                                            ; off                ; Off                ;
; Ignore CASCADE Buffers                                                          ; off                ; Off                ;
; Ignore GLOBAL Buffers                                                           ; Off                ; Off                ;
; Ignore ROW GLOBAL Buffers                                                       ; Off                ; Off                ;
; Ignore LCELL Buffers                                                            ; Off                ; Off                ;
; Ignore SOFT Buffers                                                             ; On                 ; On                 ;
; Limit AHDL Integers to 32 Bits                                                  ; Off                ; Off                ;
; Carry Chain Length                                                              ; 70                 ; 70                 ;
; Auto Carry Chains                                                               ; On                 ; On                 ;
; Auto Open-Drain Pins                                                            ; On                 ; On                 ;
; Perform WYSIWYG Primitive Resynthesis                                           ; off                ; Off                ;
; Auto ROM Replacement                                                            ; On                 ; On                 ;
; Auto RAM Replacement                                                            ; On                 ; On                 ;
; Auto DSP Block Replacement                                                      ; On                 ; On                 ;
; Auto Shift Register Replacement                                                 ; Auto               ; Auto               ;
; Allow Shift Register Merging across Hierarchies                                 ; Auto               ; Auto               ;
; Auto Clock Enable Replacement                                                   ; On                 ; On                 ;
; Strict RAM Replacement                                                          ; Off                ; Off                ;
; Allow Synchronous Control Signals                                               ; On                 ; On                 ;
; Force Use of Synchronous Clear Signals                                          ; Off                ; Off                ;
; Auto Resource Sharing                                                           ; Off                ; Off                ;
; Allow Any RAM Size For Recognition                                              ; Off                ; Off                ;
; Allow Any ROM Size For Recognition                                              ; Off                ; Off                ;
; Allow Any Shift Register Size For Recognition                                   ; Off                ; Off                ;
; Use LogicLock Constraints during Resource Balancing                             ; On                 ; On                 ;
; Ignore translate_off and synthesis_off directives                               ; Off                ; Off                ;
; Timing-Driven Synthesis                                                         ; On                 ; On                 ;
; Report Parameter Settings                                                       ; On                 ; On                 ;
; Report Source Assignments                                                       ; On                 ; On                 ;
; Report Connectivity Checks                                                      ; On                 ; On                 ;
; Ignore Maximum Fan-Out Assignments                                              ; Off                ; Off                ;
; Synchronization Register Chain Length                                           ; 3                  ; 3                  ;
; Power Optimization During Synthesis                                             ; Normal compilation ; Normal compilation ;
; HDL message level                                                               ; Level2             ; Level2             ;
; Suppress Register Optimization Related Messages                                 ; Off                ; Off                ;
; Number of Removed Registers Reported in Synthesis Report                        ; 5000               ; 5000               ;
; Number of Swept Nodes Reported in Synthesis Report                              ; 5000               ; 5000               ;
; Number of Inverted Registers Reported in Synthesis Report                       ; 100                ; 100                ;
; Clock MUX Protection                                                            ; On                 ; On                 ;
; Auto Gated Clock Conversion                                                     ; Off                ; Off                ;
; Block Design Naming                                                             ; Auto               ; Auto               ;
; SDC constraint protection                                                       ; Off                ; Off                ;
; Synthesis Effort                                                                ; Auto               ; Auto               ;
; Shift Register Replacement - Allow Asynchronous Clear Signal                    ; On                 ; On                 ;
; Pre-Mapping Resynthesis Optimization                                            ; Off                ; Off                ;
; Analysis & Synthesis Message Level                                              ; Medium             ; Medium             ;
; Disable Register Merging Across Hierarchies                                     ; Auto               ; Auto               ;
; Resource Aware Inference For Block RAM                                          ; On                 ; On                 ;
; Automatic Parallel Synthesis                                                    ; On                 ; On                 ;
; Partial Reconfiguration Bitstream ID                                            ; Off                ; Off                ;
+---------------------------------------------------------------------------------+--------------------+--------------------+


+------------------------------------------+
; Parallel Compilation                     ;
+----------------------------+-------------+
; Processors                 ; Number      ;
+----------------------------+-------------+
; Number detected on machine ; 16          ;
; Maximum allowed            ; 12          ;
;                            ;             ;
; Average used               ; 1.00        ;
; Maximum used               ; 1           ;
;                            ;             ;
; Usage by Processor         ; % Time Used ;
;     Processor 1            ; 100.0%      ;
+----------------------------+-------------+


+-------------------------------+
; Analysis & Synthesis Messages ;
+-------------------------------+
Info: *******************************************************************
Info: Running Quartus Prime Analysis & Synthesis
    Info: Version 21.1.1 Build 850 06/23/2022 SJ Standard Edition
    Info: Copyright (C) 2022  Intel Corporation. All rights reserved.
    Info: Your use of Intel Corporation's design tools, logic functions 
    Info: and other software and tools, and any partner logic 
    Info: functions, and any output files from any of the foregoing 
    Info: (including device programming or simulation files), and any 
    Info: associated documentation or information are expressly subject 
    Info: to the terms and conditions of the Intel Program License 
    Info: Subscription Agreement, the Intel Quartus Prime License Agreement,
    Info: the Intel FPGA IP License Agreement, or other applicable license
    Info: agreement, including, without limitation, that your use is for
    Info: the sole purpose of programming logic devices manufactured by
    Info: Intel and sold by Intel or its authorized distributors.  Please
    Info: refer to the applicable agreement for further details, at
    Info: https://fpgasoftware.intel.com/eula.
    Info: Processing started: Mon Jan 29 16:17:57 2024
Info: Command: quartus_map completeNES --optimize=area --state_machine_encoding=auto --enable_register_retiming=off --enable_wysiwyg_resynthesis=off --ignore_carry_buffers=off --ignore_cascade_buffers=off --write_settings_files=on --family="cyclone v" --part=5cgxfc5c6f27c7
Warning (18236): Number of processors has not been specified which may cause overloading on shared machines.  Set the global assignment NUM_PARALLEL_PROCESSORS in your QSF to an appropriate value for best performance.
Info (20030): Parallel compilation is enabled and will use 12 of the 12 processors detected
Info (12021): Found 1 design units, including 1 entities, in source file /u/home/clab/redacted/eds/NESSoundEmu/NESSoundEmu_lib/hdl/completenes_entity.vhd
    Info (12023): Found entity 1: completeNES File: /u/home/clab/redacted/eds/NESSoundEmu/NESSoundEmu_lib/hdl/completenes_entity.vhd Line: 13
Info (12021): Found 1 design units, including 0 entities, in source file /u/home/clab/redacted/eds/NESSoundEmu/NESSoundEmu_lib/hdl/booleanvectors_pkg.vhd
    Info (12022): Found design unit 1: booleanvectors File: /u/home/clab/redacted/eds/NESSoundEmu/NESSoundEmu_lib/hdl/booleanvectors_pkg.vhd Line: 14
Info (12021): Found 1 design units, including 0 entities, in source file /u/home/clab/redacted/eds/NESSoundEmu/NESSoundEmu_lib/hdl/booleanvectors_pkg_body.vhd
    Info (12022): Found design unit 1: booleanvectors-body File: /u/home/clab/redacted/eds/NESSoundEmu/NESSoundEmu_lib/hdl/booleanvectors_pkg_body.vhd Line: 15
Info (12021): Found 1 design units, including 1 entities, in source file /u/home/clab/redacted/eds/NESSoundEmu/NESSoundEmu_lib/hdl/memarbitermx65interface_entity.vhd
    Info (12023): Found entity 1: memarbitermx65interface File: /u/home/clab/redacted/eds/NESSoundEmu/NESSoundEmu_lib/hdl/memarbitermx65interface_entity.vhd Line: 14
Info (12021): Found 1 design units, including 0 entities, in source file /u/home/clab/redacted/eds/NESSoundEmu/NESSoundEmu_lib/hdl/memarbitermx65interface_behav.vhd
    Info (12022): Found design unit 1: memarbitermx65interface-behav File: /u/home/clab/redacted/eds/NESSoundEmu/NESSoundEmu_lib/hdl/memarbitermx65interface_behav.vhd Line: 12
Info (12021): Found 2 design units, including 1 entities, in source file /u/home/clab/redacted/eds/NESSoundEmu/NESSoundEmu_lib/hdl/quartuscompatibleram_behav.vhd
    Info (12022): Found design unit 1: quartuscompatibleram-behav File: /u/home/clab/redacted/eds/NESSoundEmu/NESSoundEmu_lib/hdl/quartuscompatibleram_behav.vhd Line: 41
    Info (12023): Found entity 1: quartuscompatibleram File: /u/home/clab/redacted/eds/NESSoundEmu/NESSoundEmu_lib/hdl/quartuscompatibleram_behav.vhd Line: 24
Info (12021): Found 2 design units, including 1 entities, in source file /u/home/clab/redacted/eds/NESSoundEmu/NESSoundEmu_lib/hdl/mx65withtick_behav.vhd
    Info (12022): Found design unit 1: mx65withtick-behav File: /u/home/clab/redacted/eds/NESSoundEmu/NESSoundEmu_lib/hdl/mx65withtick_behav.vhd Line: 30
    Info (12023): Found entity 1: mx65withtick File: /u/home/clab/redacted/eds/NESSoundEmu/NESSoundEmu_lib/hdl/mx65withtick_behav.vhd Line: 14
Info (12021): Found 1 design units, including 1 entities, in source file /u/home/clab/redacted/eds/NESSoundEmu/NESSoundEmu_lib/hdl/apu_entity.vhd
    Info (12023): Found entity 1: apu File: /u/home/clab/redacted/eds/NESSoundEmu/NESSoundEmu_lib/hdl/apu_entity.vhd Line: 14
Info (12021): Found 1 design units, including 1 entities, in source file /u/home/clab/redacted/eds/NESSoundEmu/NESSoundEmu_lib/hdl/apumixer_entity.vhd
    Info (12023): Found entity 1: apumixer File: /u/home/clab/redacted/eds/NESSoundEmu/NESSoundEmu_lib/hdl/apumixer_entity.vhd Line: 14
Info (12021): Found 1 design units, including 0 entities, in source file /u/home/clab/redacted/eds/NESSoundEmu/NESSoundEmu_lib/hdl/apumixer_behav.vhd
    Info (12022): Found design unit 1: apumixer-behav File: /u/home/clab/redacted/eds/NESSoundEmu/NESSoundEmu_lib/hdl/apumixer_behav.vhd Line: 15
Info (12021): Found 1 design units, including 1 entities, in source file /u/home/clab/redacted/eds/NESSoundEmu/NESSoundEmu_lib/hdl/noisechannel_entity.vhd
    Info (12023): Found entity 1: noisechannel File: /u/home/clab/redacted/eds/NESSoundEmu/NESSoundEmu_lib/hdl/noisechannel_entity.vhd Line: 12
Info (12021): Found 1 design units, including 1 entities, in source file /u/home/clab/redacted/eds/NESSoundEmu/NESSoundEmu_lib/hdl/noiselfsr1_entity.vhd
    Info (12023): Found entity 1: NoiseLFSR1 File: /u/home/clab/redacted/eds/NESSoundEmu/NESSoundEmu_lib/hdl/noiselfsr1_entity.vhd Line: 12
Info (12021): Found 1 design units, including 0 entities, in source file /u/home/clab/redacted/eds/NESSoundEmu/NESSoundEmu_lib/hdl/NoiseLFSR1_behav.vhd
    Info (12022): Found design unit 1: NoiseLFSR1-behav File: /u/home/clab/redacted/eds/NESSoundEmu/NESSoundEmu_lib/hdl/NoiseLFSR1_behav.vhd Line: 10
Info (12021): Found 1 design units, including 1 entities, in source file /u/home/clab/redacted/eds/NESSoundEmu/NESSoundEmu_lib/hdl/noisetimer_entity.vhd
    Info (12023): Found entity 1: noisetimer File: /u/home/clab/redacted/eds/NESSoundEmu/NESSoundEmu_lib/hdl/noisetimer_entity.vhd Line: 12
Info (12021): Found 1 design units, including 0 entities, in source file /u/home/clab/redacted/eds/NESSoundEmu/NESSoundEmu_lib/hdl/noisetimer_behav.vhd
    Info (12022): Found design unit 1: noisetimer-behav File: /u/home/clab/redacted/eds/NESSoundEmu/NESSoundEmu_lib/hdl/noisetimer_behav.vhd Line: 15
Info (12021): Found 1 design units, including 1 entities, in source file /u/home/clab/redacted/eds/NESSoundEmu/NESSoundEmu_lib/hdl/noisewriteport_entity.vhd
    Info (12023): Found entity 1: noisewriteport File: /u/home/clab/redacted/eds/NESSoundEmu/NESSoundEmu_lib/hdl/noisewriteport_entity.vhd Line: 12
Info (12021): Found 1 design units, including 0 entities, in source file /u/home/clab/redacted/eds/NESSoundEmu/NESSoundEmu_lib/hdl/noisewriteport_behav.vhd
    Info (12022): Found design unit 1: noisewriteport-behav File: /u/home/clab/redacted/eds/NESSoundEmu/NESSoundEmu_lib/hdl/noisewriteport_behav.vhd Line: 17
Info (12021): Found 1 design units, including 1 entities, in source file /u/home/clab/redacted/eds/NESSoundEmu/NESSoundEmu_lib/hdl/pulseenv_entity.vhd
    Info (12023): Found entity 1: pulseenv File: /u/home/clab/redacted/eds/NESSoundEmu/NESSoundEmu_lib/hdl/pulseenv_entity.vhd Line: 14
Info (12021): Found 1 design units, including 0 entities, in source file /u/home/clab/redacted/eds/NESSoundEmu/NESSoundEmu_lib/hdl/pulseenv_behav.vhd
    Info (12022): Found design unit 1: pulseenv-behav File: /u/home/clab/redacted/eds/NESSoundEmu/NESSoundEmu_lib/hdl/pulseenv_behav.vhd Line: 16
Info (12021): Found 1 design units, including 1 entities, in source file /u/home/clab/redacted/eds/NESSoundEmu/NESSoundEmu_lib/hdl/premixer_entity.vhd
    Info (12023): Found entity 1: premixer File: /u/home/clab/redacted/eds/NESSoundEmu/NESSoundEmu_lib/hdl/premixer_entity.vhd Line: 12
Info (12021): Found 1 design units, including 0 entities, in source file /u/home/clab/redacted/eds/NESSoundEmu/NESSoundEmu_lib/hdl/premixer_behav.vhd
    Info (12022): Found design unit 1: premixer-behav File: /u/home/clab/redacted/eds/NESSoundEmu/NESSoundEmu_lib/hdl/premixer_behav.vhd Line: 10
Info (12021): Found 1 design units, including 1 entities, in source file /u/home/clab/redacted/eds/NESSoundEmu/NESSoundEmu_lib/hdl/pulselentghunit_entity.vhd
    Info (12023): Found entity 1: pulselentghunit File: /u/home/clab/redacted/eds/NESSoundEmu/NESSoundEmu_lib/hdl/pulselentghunit_entity.vhd Line: 14
Info (12021): Found 1 design units, including 0 entities, in source file /u/home/clab/redacted/eds/NESSoundEmu/NESSoundEmu_lib/hdl/pulselentghunit_behav.vhd
    Info (12022): Found design unit 1: pulselentghunit-behav File: /u/home/clab/redacted/eds/NESSoundEmu/NESSoundEmu_lib/hdl/pulselentghunit_behav.vhd Line: 15
Info (12021): Found 1 design units, including 0 entities, in source file /u/home/clab/redacted/eds/NESSoundEmu/NESSoundEmu_lib/hdl/noisechannel_struct.vhd
    Info (12022): Found design unit 1: noisechannel-struct File: /u/home/clab/redacted/eds/NESSoundEmu/NESSoundEmu_lib/hdl/noisechannel_struct.vhd Line: 15
Info (12021): Found 1 design units, including 1 entities, in source file /u/home/clab/redacted/eds/NESSoundEmu/NESSoundEmu_lib/hdl/pulsechannel_entity.vhd
    Info (12023): Found entity 1: pulsechannel File: /u/home/clab/redacted/eds/NESSoundEmu/NESSoundEmu_lib/hdl/pulsechannel_entity.vhd Line: 14
Info (12021): Found 1 design units, including 1 entities, in source file /u/home/clab/redacted/eds/NESSoundEmu/NESSoundEmu_lib/hdl/psweep_entity.vhd
    Info (12023): Found entity 1: psweep File: /u/home/clab/redacted/eds/NESSoundEmu/NESSoundEmu_lib/hdl/psweep_entity.vhd Line: 14
Info (12021): Found 1 design units, including 0 entities, in source file /u/home/clab/redacted/eds/NESSoundEmu/NESSoundEmu_lib/hdl/psweep_behav.vhd
    Info (12022): Found design unit 1: psweep-behav File: /u/home/clab/redacted/eds/NESSoundEmu/NESSoundEmu_lib/hdl/psweep_behav.vhd Line: 14
Info (12021): Found 1 design units, including 1 entities, in source file /u/home/clab/redacted/eds/NESSoundEmu/NESSoundEmu_lib/hdl/pulsewriteport2_entity.vhd
    Info (12023): Found entity 1: pulsewriteport2 File: /u/home/clab/redacted/eds/NESSoundEmu/NESSoundEmu_lib/hdl/pulsewriteport2_entity.vhd Line: 14
Info (12021): Found 1 design units, including 0 entities, in source file /u/home/clab/redacted/eds/NESSoundEmu/NESSoundEmu_lib/hdl/pulsewriteport2_behav.vhd
    Info (12022): Found design unit 1: pulsewriteport2-behav File: /u/home/clab/redacted/eds/NESSoundEmu/NESSoundEmu_lib/hdl/pulsewriteport2_behav.vhd Line: 16
Info (12021): Found 1 design units, including 1 entities, in source file /u/home/clab/redacted/eds/NESSoundEmu/NESSoundEmu_lib/hdl/pulsedividersequence_entity.vhd
    Info (12023): Found entity 1: pulsedividersequence File: /u/home/clab/redacted/eds/NESSoundEmu/NESSoundEmu_lib/hdl/pulsedividersequence_entity.vhd Line: 14
Info (12021): Found 1 design units, including 0 entities, in source file /u/home/clab/redacted/eds/NESSoundEmu/NESSoundEmu_lib/hdl/pulsedividersequence_behav.vhd
    Info (12022): Found design unit 1: pulsedividersequence-behav File: /u/home/clab/redacted/eds/NESSoundEmu/NESSoundEmu_lib/hdl/pulsedividersequence_behav.vhd Line: 14
Info (12021): Found 1 design units, including 0 entities, in source file /u/home/clab/redacted/eds/NESSoundEmu/NESSoundEmu_lib/hdl/pulsechannel_struct.vhd
    Info (12022): Found design unit 1: pulsechannel-struct File: /u/home/clab/redacted/eds/NESSoundEmu/NESSoundEmu_lib/hdl/pulsechannel_struct.vhd Line: 17
Info (12021): Found 1 design units, including 1 entities, in source file /u/home/clab/redacted/eds/NESSoundEmu/NESSoundEmu_lib/hdl/statusandaddrdec_entity.vhd
    Info (12023): Found entity 1: statusandaddrdec File: /u/home/clab/redacted/eds/NESSoundEmu/NESSoundEmu_lib/hdl/statusandaddrdec_entity.vhd Line: 14
Info (12021): Found 1 design units, including 0 entities, in source file /u/home/clab/redacted/eds/NESSoundEmu/NESSoundEmu_lib/hdl/statusandaddrdec_behav.vhd
    Info (12022): Found design unit 1: statusandaddrdec-behav File: /u/home/clab/redacted/eds/NESSoundEmu/NESSoundEmu_lib/hdl/statusandaddrdec_behav.vhd Line: 14
Info (12021): Found 1 design units, including 1 entities, in source file /u/home/clab/redacted/eds/NESSoundEmu/NESSoundEmu_lib/hdl/trianglechannel_entity.vhd
    Info (12023): Found entity 1: trianglechannel File: /u/home/clab/redacted/eds/NESSoundEmu/NESSoundEmu_lib/hdl/trianglechannel_entity.vhd Line: 12
Info (12021): Found 1 design units, including 1 entities, in source file /u/home/clab/redacted/eds/NESSoundEmu/NESSoundEmu_lib/hdl/trianglelengthunit_entity.vhd
    Info (12023): Found entity 1: trianglelengthunit File: /u/home/clab/redacted/eds/NESSoundEmu/NESSoundEmu_lib/hdl/trianglelengthunit_entity.vhd Line: 12
Info (12021): Found 1 design units, including 0 entities, in source file /u/home/clab/redacted/eds/NESSoundEmu/NESSoundEmu_lib/hdl/trianglelengthunit_behav.vhd
    Info (12022): Found design unit 1: trianglelengthunit-behav File: /u/home/clab/redacted/eds/NESSoundEmu/NESSoundEmu_lib/hdl/trianglelengthunit_behav.vhd Line: 16
Info (12021): Found 1 design units, including 1 entities, in source file /u/home/clab/redacted/eds/NESSoundEmu/NESSoundEmu_lib/hdl/timer1_entity.vhd
    Info (12023): Found entity 1: timer1 File: /u/home/clab/redacted/eds/NESSoundEmu/NESSoundEmu_lib/hdl/timer1_entity.vhd Line: 12
Info (12021): Found 1 design units, including 0 entities, in source file /u/home/clab/redacted/eds/NESSoundEmu/NESSoundEmu_lib/hdl/timer1_behav.vhd
    Info (12022): Found design unit 1: timer1-behav File: /u/home/clab/redacted/eds/NESSoundEmu/NESSoundEmu_lib/hdl/timer1_behav.vhd Line: 15
Info (12021): Found 1 design units, including 1 entities, in source file /u/home/clab/redacted/eds/NESSoundEmu/NESSoundEmu_lib/hdl/trianglewriteport_entity.vhd
    Info (12023): Found entity 1: trianglewriteport File: /u/home/clab/redacted/eds/NESSoundEmu/NESSoundEmu_lib/hdl/trianglewriteport_entity.vhd Line: 12
Info (12021): Found 1 design units, including 0 entities, in source file /u/home/clab/redacted/eds/NESSoundEmu/NESSoundEmu_lib/hdl/trianglewriteport_behav.vhd
    Info (12022): Found design unit 1: trianglewriteport-behav File: /u/home/clab/redacted/eds/NESSoundEmu/NESSoundEmu_lib/hdl/trianglewriteport_behav.vhd Line: 15
Info (12021): Found 1 design units, including 1 entities, in source file /u/home/clab/redacted/eds/NESSoundEmu/NESSoundEmu_lib/hdl/trianglelinearctr_entity.vhd
    Info (12023): Found entity 1: trianglelinearctr File: /u/home/clab/redacted/eds/NESSoundEmu/NESSoundEmu_lib/hdl/trianglelinearctr_entity.vhd Line: 12
Info (12021): Found 1 design units, including 0 entities, in source file /u/home/clab/redacted/eds/NESSoundEmu/NESSoundEmu_lib/hdl/trianglelinearctr_behav.vhd
    Info (12022): Found design unit 1: trianglelinearctr-behav File: /u/home/clab/redacted/eds/NESSoundEmu/NESSoundEmu_lib/hdl/trianglelinearctr_behav.vhd Line: 15
Info (12021): Found 1 design units, including 1 entities, in source file /u/home/clab/redacted/eds/NESSoundEmu/NESSoundEmu_lib/hdl/triangleseq_entity.vhd
    Info (12023): Found entity 1: triangleseq File: /u/home/clab/redacted/eds/NESSoundEmu/NESSoundEmu_lib/hdl/triangleseq_entity.vhd Line: 12
Info (12021): Found 1 design units, including 0 entities, in source file /u/home/clab/redacted/eds/NESSoundEmu/NESSoundEmu_lib/hdl/triangleseq_behav.vhd
    Info (12022): Found design unit 1: triangleseq-behav File: /u/home/clab/redacted/eds/NESSoundEmu/NESSoundEmu_lib/hdl/triangleseq_behav.vhd Line: 15
Info (12021): Found 1 design units, including 0 entities, in source file /u/home/clab/redacted/eds/NESSoundEmu/NESSoundEmu_lib/hdl/trianglechannel_struct.vhd
    Info (12022): Found design unit 1: trianglechannel-struct File: /u/home/clab/redacted/eds/NESSoundEmu/NESSoundEmu_lib/hdl/trianglechannel_struct.vhd Line: 15
Info (12021): Found 1 design units, including 1 entities, in source file /u/home/clab/redacted/eds/NESSoundEmu/NESSoundEmu_lib/hdl/dmcchannnel_entity.vhd
    Info (12023): Found entity 1: dmcchannnel File: /u/home/clab/redacted/eds/NESSoundEmu/NESSoundEmu_lib/hdl/dmcchannnel_entity.vhd Line: 12
Info (12021): Found 1 design units, including 0 entities, in source file /u/home/clab/redacted/eds/NESSoundEmu/NESSoundEmu_lib/hdl/dmcchannnel_struct.vhd
    Info (12022): Found design unit 1: dmcchannnel-struct File: /u/home/clab/redacted/eds/NESSoundEmu/NESSoundEmu_lib/hdl/dmcchannnel_struct.vhd Line: 15
Info (12021): Found 1 design units, including 1 entities, in source file /u/home/clab/redacted/eds/NESSoundEmu/NESSoundEmu_lib/hdl/framecounter_entity.vhd
    Info (12023): Found entity 1: framecounter File: /u/home/clab/redacted/eds/NESSoundEmu/NESSoundEmu_lib/hdl/framecounter_entity.vhd Line: 12
Info (12021): Found 1 design units, including 0 entities, in source file /u/home/clab/redacted/eds/NESSoundEmu/NESSoundEmu_lib/hdl/framecounter_behav.vhd
    Info (12022): Found design unit 1: framecounter-behav File: /u/home/clab/redacted/eds/NESSoundEmu/NESSoundEmu_lib/hdl/framecounter_behav.vhd Line: 10
Info (12021): Found 1 design units, including 0 entities, in source file /u/home/clab/redacted/eds/NESSoundEmu/NESSoundEmu_lib/hdl/apu_struct.vhd
    Info (12022): Found design unit 1: apu-struct File: /u/home/clab/redacted/eds/NESSoundEmu/NESSoundEmu_lib/hdl/apu_struct.vhd Line: 16
Info (12021): Found 1 design units, including 1 entities, in source file /u/home/clab/redacted/eds/NESSoundEmu/NESSoundEmu_lib/hdl/clk_res_gen_entity.vhd
    Info (12023): Found entity 1: clk_res_gen File: /u/home/clab/redacted/eds/NESSoundEmu/NESSoundEmu_lib/hdl/clk_res_gen_entity.vhd Line: 12
Info (12021): Found 1 design units, including 0 entities, in source file /u/home/clab/redacted/eds/NESSoundEmu/NESSoundEmu_lib/hdl/clk_res_gen_behav.vhd
    Info (12022): Found design unit 1: clk_res_gen-behav File: /u/home/clab/redacted/eds/NESSoundEmu/NESSoundEmu_lib/hdl/clk_res_gen_behav.vhd Line: 10
Info (12021): Found 1 design units, including 1 entities, in source file /u/home/clab/redacted/eds/NESSoundEmu/NESSoundEmu_lib/hdl/twoportarbiter_entity.vhd
    Info (12023): Found entity 1: twoportarbiter File: /u/home/clab/redacted/eds/NESSoundEmu/NESSoundEmu_lib/hdl/twoportarbiter_entity.vhd Line: 14
Info (12021): Found 1 design units, including 0 entities, in source file /u/home/clab/redacted/eds/NESSoundEmu/NESSoundEmu_lib/hdl/twoportarbiter_behav.vhd
    Info (12022): Found design unit 1: twoportarbiter-behav File: /u/home/clab/redacted/eds/NESSoundEmu/NESSoundEmu_lib/hdl/twoportarbiter_behav.vhd Line: 10
Info (12021): Found 1 design units, including 1 entities, in source file /u/home/clab/redacted/eds/NESSoundEmu/NESSoundEmu_lib/hdl/addrdecoderead_entity.vhd
    Info (12023): Found entity 1: addrdecoderead File: /u/home/clab/redacted/eds/NESSoundEmu/NESSoundEmu_lib/hdl/addrdecoderead_entity.vhd Line: 14
Info (12021): Found 1 design units, including 0 entities, in source file /u/home/clab/redacted/eds/NESSoundEmu/NESSoundEmu_lib/hdl/addrdecoderead_behav.vhd
    Info (12022): Found design unit 1: addrdecoderead-behav File: /u/home/clab/redacted/eds/NESSoundEmu/NESSoundEmu_lib/hdl/addrdecoderead_behav.vhd Line: 13
Info (12021): Found 1 design units, including 1 entities, in source file /u/home/clab/redacted/eds/NESSoundEmu/NESSoundEmu_lib/hdl/taktteilerboolean_entity.vhd
    Info (12023): Found entity 1: taktteilerboolean File: /u/home/clab/redacted/eds/NESSoundEmu/NESSoundEmu_lib/hdl/taktteilerboolean_entity.vhd Line: 14
Info (12021): Found 1 design units, including 0 entities, in source file /u/home/clab/redacted/eds/NESSoundEmu/NESSoundEmu_lib/hdl/taktteilerboolean_behav.vhd
    Info (12022): Found design unit 1: taktteilerboolean-behav File: /u/home/clab/redacted/eds/NESSoundEmu/NESSoundEmu_lib/hdl/taktteilerboolean_behav.vhd Line: 15
Info (12021): Found 1 design units, including 1 entities, in source file /u/home/clab/redacted/eds/NESSoundEmu/NESSoundEmu_lib/hdl/addrdecodewrite_entity.vhd
    Info (12023): Found entity 1: addrdecodewrite File: /u/home/clab/redacted/eds/NESSoundEmu/NESSoundEmu_lib/hdl/addrdecodewrite_entity.vhd Line: 14
Info (12021): Found 1 design units, including 0 entities, in source file /u/home/clab/redacted/eds/NESSoundEmu/NESSoundEmu_lib/hdl/addrdecodewrite_behav.vhd
    Info (12022): Found design unit 1: addrdecodewrite-behav File: /u/home/clab/redacted/eds/NESSoundEmu/NESSoundEmu_lib/hdl/addrdecodewrite_behav.vhd Line: 10
Info (12021): Found 1 design units, including 1 entities, in source file /u/home/clab/redacted/eds/NESSoundEmu/NESSoundEmu_lib/hdl/bankswitcher_entity.vhd
    Info (12023): Found entity 1: bankswitcher File: /u/home/clab/redacted/eds/NESSoundEmu/NESSoundEmu_lib/hdl/bankswitcher_entity.vhd Line: 14
Info (12021): Found 1 design units, including 0 entities, in source file /u/home/clab/redacted/eds/NESSoundEmu/NESSoundEmu_lib/hdl/bankswitcher_behav.vhd
    Info (12022): Found design unit 1: bankswitcher-behav File: /u/home/clab/redacted/eds/NESSoundEmu/NESSoundEmu_lib/hdl/bankswitcher_behav.vhd Line: 12
Info (12021): Found 1 design units, including 1 entities, in source file /u/home/clab/redacted/eds/NESSoundEmu/NESSoundEmu_lib/hdl/initialisableram_entity.vhd
    Info (12023): Found entity 1: initialisableRAM File: /u/home/clab/redacted/eds/NESSoundEmu/NESSoundEmu_lib/hdl/initialisableram_entity.vhd Line: 14
Info (12021): Found 1 design units, including 0 entities, in source file /u/home/clab/redacted/eds/NESSoundEmu/NESSoundEmu_lib/hdl/initialisableRAM_behav.vhd
    Info (12022): Found design unit 1: initialisableRAM-behav File: /u/home/clab/redacted/eds/NESSoundEmu/NESSoundEmu_lib/hdl/initialisableRAM_behav.vhd Line: 13
Info (12021): Found 1 design units, including 0 entities, in source file /u/home/clab/redacted/eds/NESSoundEmu/NESSoundEmu_lib/hdl/completenes_struct.vhd
    Info (12022): Found design unit 1: completeNES-struct File: /u/home/clab/redacted/eds/NESSoundEmu/NESSoundEmu_lib/hdl/completenes_struct.vhd Line: 16
Error (10482): VHDL error at noisechannel_entity.vhd(14): object "boolean_vector" is used but not declared File: /u/home/clab/redacted/eds/NESSoundEmu/NESSoundEmu_lib/hdl/noisechannel_entity.vhd Line: 14
Error: Quartus Prime Analysis & Synthesis was unsuccessful. 1 error, 1 warning
    Error: Peak virtual memory: 482 megabytes
    Error: Processing ended: Mon Jan 29 16:18:02 2024
    Error: Elapsed time: 00:00:05
    Error: Total CPU time (on all processors): 00:00:12


